2017-04-19 14:15:39,355 (HH:mm:ss)  INFO[main] -org.springframework.context.support.ClassPathXmlApplicationContextRefreshing org.springframework.context.support.ClassPathXmlApplicationContext@726f3b58: startup date [Wed Apr 19 14:15:39 CDT 2017]; root of context hierarchy - Refreshing org.springframework.context.support.ClassPathXmlApplicationContext@726f3b58: startup date [Wed Apr 19 14:15:39 CDT 2017]; root of context hierarchy
2017-04-19 14:15:39,493 (HH:mm:ss)  INFO[main] -org.springframework.beans.factory.xml.XmlBeanDefinitionReaderLoading XML bean definitions from class path resource [spring.xml] - Loading XML bean definitions from class path resource [spring.xml]
2017-04-19 14:15:41,080 (HH:mm:ss)  INFO[main] -org.springframework.web.servlet.mvc.method.annotation.RequestMappingHandlerAdapterLooking for @ControllerAdvice: org.springframework.context.support.ClassPathXmlApplicationContext@726f3b58: startup date [Wed Apr 19 14:15:39 CDT 2017]; root of context hierarchy - Looking for @ControllerAdvice: org.springframework.context.support.ClassPathXmlApplicationContext@726f3b58: startup date [Wed Apr 19 14:15:39 CDT 2017]; root of context hierarchy
2017-04-19 14:15:41,225 (HH:mm:ss)  INFO[main] -org.springframework.web.servlet.mvc.method.annotation.RequestMappingHandlerAdapterLooking for @ControllerAdvice: org.springframework.context.support.ClassPathXmlApplicationContext@726f3b58: startup date [Wed Apr 19 14:15:39 CDT 2017]; root of context hierarchy - Looking for @ControllerAdvice: org.springframework.context.support.ClassPathXmlApplicationContext@726f3b58: startup date [Wed Apr 19 14:15:39 CDT 2017]; root of context hierarchy
2017-04-19 14:15:41,810 (HH:mm:ss)  INFO[main] -org.hibernate.annotations.common.VersionHCANN000001: Hibernate Commons Annotations {4.0.4.Final} - HCANN000001: Hibernate Commons Annotations {4.0.4.Final}
2017-04-19 14:15:41,821 (HH:mm:ss)  INFO[main] -org.hibernate.VersionHHH000412: Hibernate Core {4.3.5.Final} - HHH000412: Hibernate Core {4.3.5.Final}
2017-04-19 14:15:41,823 (HH:mm:ss)  INFO[main] -org.hibernate.cfg.EnvironmentHHH000206: hibernate.properties not found - HHH000206: hibernate.properties not found
2017-04-19 14:15:41,832 (HH:mm:ss)  INFO[main] -org.hibernate.cfg.EnvironmentHHH000021: Bytecode provider name : javassist - HHH000021: Bytecode provider name : javassist
2017-04-19 14:15:42,793 (HH:mm:ss)  INFO[main] -org.hibernate.dialect.DialectHHH000400: Using dialect: org.hibernate.dialect.MySQLDialect - HHH000400: Using dialect: org.hibernate.dialect.MySQLDialect
2017-04-19 14:15:43,287 (HH:mm:ss)  INFO[main] -org.hibernate.engine.transaction.internal.TransactionFactoryInitiatorHHH000399: Using default transaction strategy (direct JDBC transactions) - HHH000399: Using default transaction strategy (direct JDBC transactions)
2017-04-19 14:15:43,295 (HH:mm:ss)  INFO[main] -org.hibernate.hql.internal.ast.ASTQueryTranslatorFactoryHHH000397: Using ASTQueryTranslatorFactory - HHH000397: Using ASTQueryTranslatorFactory
2017-04-19 14:15:44,328 (HH:mm:ss)  INFO[main] -org.hibernate.tool.hbm2ddl.SchemaUpdateHHH000228: Running hbm2ddl schema update - HHH000228: Running hbm2ddl schema update
2017-04-19 14:15:44,328 (HH:mm:ss)  INFO[main] -org.hibernate.tool.hbm2ddl.SchemaUpdateHHH000102: Fetching database metadata - HHH000102: Fetching database metadata
2017-04-19 14:15:44,333 (HH:mm:ss)  INFO[main] -org.hibernate.tool.hbm2ddl.SchemaUpdateHHH000396: Updating schema - HHH000396: Updating schema
2017-04-19 14:15:44,371 (HH:mm:ss)  INFO[main] -org.hibernate.tool.hbm2ddl.TableMetadataHHH000261: Table found: citibank.creditcard - HHH000261: Table found: citibank.creditcard
2017-04-19 14:15:44,371 (HH:mm:ss)  INFO[main] -org.hibernate.tool.hbm2ddl.TableMetadataHHH000037: Columns: [name, id, creditlimit, cardno, cvvno, cid, expdate, status] - HHH000037: Columns: [name, id, creditlimit, cardno, cvvno, cid, expdate, status]
2017-04-19 14:15:44,371 (HH:mm:ss)  INFO[main] -org.hibernate.tool.hbm2ddl.TableMetadataHHH000108: Foreign keys: [] - HHH000108: Foreign keys: []
2017-04-19 14:15:44,371 (HH:mm:ss)  INFO[main] -org.hibernate.tool.hbm2ddl.TableMetadataHHH000126: Indexes: [primary] - HHH000126: Indexes: [primary]
2017-04-19 14:15:44,389 (HH:mm:ss)  INFO[main] -org.hibernate.tool.hbm2ddl.TableMetadataHHH000261: Table found: citibank.customer - HHH000261: Table found: citibank.customer
2017-04-19 14:15:44,389 (HH:mm:ss)  INFO[main] -org.hibernate.tool.hbm2ddl.TableMetadataHHH000037: Columns: [eid, firstname, phone, dob, id, aid, email, lastname, ssn, status] - HHH000037: Columns: [eid, firstname, phone, dob, id, aid, email, lastname, ssn, status]
2017-04-19 14:15:44,389 (HH:mm:ss)  INFO[main] -org.hibernate.tool.hbm2ddl.TableMetadataHHH000108: Foreign keys: [fk_i12qkikoy0qqe8t88ip0mt0uh, fk_sninp2wjsty0j8w65k23dcrfo] - HHH000108: Foreign keys: [fk_i12qkikoy0qqe8t88ip0mt0uh, fk_sninp2wjsty0j8w65k23dcrfo]
2017-04-19 14:15:44,389 (HH:mm:ss)  INFO[main] -org.hibernate.tool.hbm2ddl.TableMetadataHHH000126: Indexes: [fk_i12qkikoy0qqe8t88ip0mt0uh, fk_sninp2wjsty0j8w65k23dcrfo, primary] - HHH000126: Indexes: [fk_i12qkikoy0qqe8t88ip0mt0uh, fk_sninp2wjsty0j8w65k23dcrfo, primary]
2017-04-19 14:15:44,401 (HH:mm:ss)  INFO[main] -org.hibernate.tool.hbm2ddl.TableMetadataHHH000261: Table found: citibank.employmentdetails - HHH000261: Table found: citibank.employmentdetails
2017-04-19 14:15:44,401 (HH:mm:ss)  INFO[main] -org.hibernate.tool.hbm2ddl.TableMetadataHHH000037: Columns: [companyname, id, annualincome] - HHH000037: Columns: [companyname, id, annualincome]
2017-04-19 14:15:44,401 (HH:mm:ss)  INFO[main] -org.hibernate.tool.hbm2ddl.TableMetadataHHH000108: Foreign keys: [] - HHH000108: Foreign keys: []
2017-04-19 14:15:44,401 (HH:mm:ss)  INFO[main] -org.hibernate.tool.hbm2ddl.TableMetadataHHH000126: Indexes: [primary] - HHH000126: Indexes: [primary]
2017-04-19 14:15:44,403 (HH:mm:ss)  INFO[main] -org.hibernate.tool.hbm2ddl.SchemaUpdateHHH000232: Schema update complete - HHH000232: Schema update complete
2017-04-19 14:15:44,477 (HH:mm:ss)  INFO[main] -org.springframework.orm.hibernate4.HibernateTransactionManagerUsing DataSource [org.apache.commons.dbcp.BasicDataSource@194fad1] of Hibernate SessionFactory for HibernateTransactionManager - Using DataSource [org.apache.commons.dbcp.BasicDataSource@194fad1] of Hibernate SessionFactory for HibernateTransactionManager
2017-04-19 14:15:45,268 (HH:mm:ss)  INFO[main] -com.bcj.creditcard.dao.CustomerDaoCustomer [Id=2, firstName=anu, lastName=mu, dob=12-12-2000, ssn=12345, phone=2345673456, email=paddhu_22@yahoo.co.in, status=new, empDetails=EmploymentDetails [Id=2, CompanyName=asd, annualIncome=125000.0]] - Customer [Id=2, firstName=anu, lastName=mu, dob=12-12-2000, ssn=12345, phone=2345673456, email=paddhu_22@yahoo.co.in, status=new, empDetails=EmploymentDetails [Id=2, CompanyName=asd, annualIncome=125000.0]]
2017-04-19 14:15:45,269 (HH:mm:ss)  INFO[main] -com.bcj.creditcard.dao.CustomerDaoCustomer [Id=3, firstName=chandu, lastName=mu, dob=12-12-2005, ssn=23435, phone=5673456789, email=paddhu_22@yahoo.co.in, status=new, empDetails=EmploymentDetails [Id=3, CompanyName=sdf, annualIncome=100000.0]] - Customer [Id=3, firstName=chandu, lastName=mu, dob=12-12-2005, ssn=23435, phone=5673456789, email=paddhu_22@yahoo.co.in, status=new, empDetails=EmploymentDetails [Id=3, CompanyName=sdf, annualIncome=100000.0]]
2017-04-19 14:15:45,291 (HH:mm:ss)  INFO[main] -com.bcj.creditcard.service.CustomerService creating worker thread for customeranu -  creating worker thread for customeranu
2017-04-19 14:15:45,293 (HH:mm:ss)  INFO[main] -com.bcj.creditcard.service.CustomerService creating worker thread for customerchandu -  creating worker thread for customerchandu
2017-04-19 14:15:45,393 (HH:mm:ss)  INFO[pool-1-thread-2] -com.bcj.creditcard.dao.CustomerDao card is stored and customer is updated for new credit card -  card is stored and customer is updated for new credit card
2017-04-19 14:15:45,395 (HH:mm:ss)  INFO[pool-1-thread-1] -com.bcj.creditcard.dao.CustomerDao card is stored and customer is updated for new credit card -  card is stored and customer is updated for new credit card
2017-04-19 14:15:48,197 (HH:mm:ss)  INFO[pool-1-thread-1] -com.bcj.creditcard.service.WorkerThreadafter validateing customer details :Customer [Id=2, firstName=anu, lastName=mu, dob=12-12-2000, ssn=12345, phone=2345673456, email=paddhu_22@yahoo.co.in, status=Approved, empDetails=EmploymentDetails [Id=2, CompanyName=asd, annualIncome=125000.0]] - after validateing customer details :Customer [Id=2, firstName=anu, lastName=mu, dob=12-12-2000, ssn=12345, phone=2345673456, email=paddhu_22@yahoo.co.in, status=Approved, empDetails=EmploymentDetails [Id=2, CompanyName=asd, annualIncome=125000.0]]
2017-04-19 14:15:48,197 (HH:mm:ss)  INFO[pool-1-thread-1] -com.bcj.creditcard.service.WorkerThreadand card details CreditCard [id=14, cId=2, cardNo=7393 634 4468 1574, name=anu mu, cvvNo=248, creditLimit=5000.0, expDate=3/2020, status=new] - and card details CreditCard [id=14, cId=2, cardNo=7393 634 4468 1574, name=anu mu, cvvNo=248, creditLimit=5000.0, expDate=3/2020, status=new]
2017-04-19 14:15:48,714 (HH:mm:ss)  INFO[pool-1-thread-2] -com.bcj.creditcard.service.WorkerThreadafter validateing customer details :Customer [Id=3, firstName=chandu, lastName=mu, dob=12-12-2005, ssn=23435, phone=5673456789, email=paddhu_22@yahoo.co.in, status=Approved, empDetails=EmploymentDetails [Id=3, CompanyName=sdf, annualIncome=100000.0]] - after validateing customer details :Customer [Id=3, firstName=chandu, lastName=mu, dob=12-12-2005, ssn=23435, phone=5673456789, email=paddhu_22@yahoo.co.in, status=Approved, empDetails=EmploymentDetails [Id=3, CompanyName=sdf, annualIncome=100000.0]]
2017-04-19 14:15:48,715 (HH:mm:ss)  INFO[pool-1-thread-2] -com.bcj.creditcard.service.WorkerThreadand card details CreditCard [id=13, cId=3, cardNo=7327 7207 2590 1689, name=chandu mu, cvvNo=140, creditLimit=3000.0, expDate=3/2020, status=new] - and card details CreditCard [id=13, cId=3, cardNo=7327 7207 2590 1689, name=chandu mu, cvvNo=140, creditLimit=3000.0, expDate=3/2020, status=new]
